<?xml version="1.0" encoding="UTF-8"?>
<testsuite xmlns:xsi="http://www.w3.org/2001/XMLSchema-instance" xsi:noNamespaceSchemaLocation="https://maven.apache.org/surefire/maven-surefire-plugin/xsd/surefire-test-report.xsd" name="com.DeltaFish.manage.TestTUserMapper" time="0.147" tests="1" errors="1" skipped="0" failures="0">
  <properties>
    <property name="sun.desktop" value="windows"/>
    <property name="awt.toolkit" value="sun.awt.windows.WToolkit"/>
    <property name="java.specification.version" value="9"/>
    <property name="file.encoding.pkg" value="sun.io"/>
    <property name="sun.cpu.isalist" value="amd64"/>
    <property name="sun.jnu.encoding" value="GBK"/>
    <property name="java.class.path" value="E:\tryandtry\Taotao\DeltaFishmanage\DeltaFishmanagemapper\target\test-classes;E:\tryandtry\Taotao\DeltaFishmanage\DeltaFishmanagemapper\target\classes;E:\tryandtry\Taotao\DeltaFishmanage\DeltaFishmanagepojo\target\DeltaFish-manage-pojo.jar;C:\Users\hasee\.m2\repository\org\mybatis\mybatis\3.2.8\mybatis-3.2.8.jar;C:\Users\hasee\.m2\repository\org\mybatis\mybatis-spring\1.2.2\mybatis-spring-1.2.2.jar;C:\Users\hasee\.m2\repository\com\github\miemiedev\mybatis-paginator\1.2.15\mybatis-paginator-1.2.15.jar;C:\Users\hasee\.m2\repository\org\slf4j\slf4j-api\1.7.2\slf4j-api-1.7.2.jar;C:\Users\hasee\.m2\repository\com\github\pagehelper\pagehelper\3.4.2-fix\pagehelper-3.4.2-fix.jar;C:\Users\hasee\.m2\repository\com\github\jsqlparser\jsqlparser\0.9\jsqlparser-0.9.jar;C:\Users\hasee\.m2\repository\junit\junit\4.12\junit-4.12.jar;C:\Users\hasee\.m2\repository\org\hamcrest\hamcrest-core\1.3\hamcrest-core-1.3.jar;C:\Users\hasee\.m2\repository\mysql\mysql-connector-java\5.1.32\mysql-connector-java-5.1.32.jar;C:\Users\hasee\.m2\repository\com\alibaba\druid\1.0.9\druid-1.0.9.jar;C:\Users\hasee\.m2\repository\com\DeltaFish\common\DeltaFish-common\1.0-SNAPSHOT\DeltaFish-common-1.0-SNAPSHOT.jar;C:\Users\hasee\.m2\repository\joda-time\joda-time\2.5\joda-time-2.5.jar;C:\Users\hasee\.m2\repository\org\apache\commons\commons-lang3\3.3.2\commons-lang3-3.3.2.jar;C:\Users\hasee\.m2\repository\commons-io\commons-io\1.3.2\commons-io-1.3.2.jar;C:\Users\hasee\.m2\repository\commons-net\commons-net\3.3\commons-net-3.3.jar;C:\Users\hasee\.m2\repository\com\fasterxml\jackson\core\jackson-databind\2.4.2\jackson-databind-2.4.2.jar;C:\Users\hasee\.m2\repository\com\fasterxml\jackson\core\jackson-annotations\2.4.0\jackson-annotations-2.4.0.jar;C:\Users\hasee\.m2\repository\com\fasterxml\jackson\core\jackson-core\2.4.2\jackson-core-2.4.2.jar;C:\Users\hasee\.m2\repository\org\apache\httpcomponents\httpclient\4.3.5\httpclient-4.3.5.jar;C:\Users\hasee\.m2\repository\org\apache\httpcomponents\httpcore\4.3.2\httpcore-4.3.2.jar;C:\Users\hasee\.m2\repository\commons-logging\commons-logging\1.1.3\commons-logging-1.1.3.jar;C:\Users\hasee\.m2\repository\commons-codec\commons-codec\1.6\commons-codec-1.6.jar;C:\Users\hasee\.m2\repository\org\slf4j\slf4j-log4j12\1.6.4\slf4j-log4j12-1.6.4.jar;C:\Users\hasee\.m2\repository\log4j\log4j\1.2.16\log4j-1.2.16.jar;"/>
    <property name="java.vm.vendor" value="Oracle Corporation"/>
    <property name="sun.arch.data.model" value="64"/>
    <property name="user.variant" value=""/>
    <property name="java.vendor.url" value="http://java.oracle.com/"/>
    <property name="user.timezone" value=""/>
    <property name="java.vm.specification.version" value="9"/>
    <property name="os.name" value="Windows 7"/>
    <property name="sun.java.launcher" value="SUN_STANDARD"/>
    <property name="user.country" value="CN"/>
    <property name="sun.boot.library.path" value="D:\Web\JDK\bin"/>
    <property name="sun.java.command" value="C:\Users\hasee\AppData\Local\Temp\surefire1877310525137942513\surefirebooter7119462472638117400.jar C:\Users\hasee\AppData\Local\Temp\surefire1877310525137942513 2018-05-24T17-23-34_207-jvmRun1 surefire13690913896270138474tmp surefire_013762871969968962695tmp"/>
    <property name="jdk.debug" value="release"/>
    <property name="surefire.test.class.path" value="E:\tryandtry\Taotao\DeltaFishmanage\DeltaFishmanagemapper\target\test-classes;E:\tryandtry\Taotao\DeltaFishmanage\DeltaFishmanagemapper\target\classes;E:\tryandtry\Taotao\DeltaFishmanage\DeltaFishmanagepojo\target\DeltaFish-manage-pojo.jar;C:\Users\hasee\.m2\repository\org\mybatis\mybatis\3.2.8\mybatis-3.2.8.jar;C:\Users\hasee\.m2\repository\org\mybatis\mybatis-spring\1.2.2\mybatis-spring-1.2.2.jar;C:\Users\hasee\.m2\repository\com\github\miemiedev\mybatis-paginator\1.2.15\mybatis-paginator-1.2.15.jar;C:\Users\hasee\.m2\repository\org\slf4j\slf4j-api\1.7.2\slf4j-api-1.7.2.jar;C:\Users\hasee\.m2\repository\com\github\pagehelper\pagehelper\3.4.2-fix\pagehelper-3.4.2-fix.jar;C:\Users\hasee\.m2\repository\com\github\jsqlparser\jsqlparser\0.9\jsqlparser-0.9.jar;C:\Users\hasee\.m2\repository\junit\junit\4.12\junit-4.12.jar;C:\Users\hasee\.m2\repository\org\hamcrest\hamcrest-core\1.3\hamcrest-core-1.3.jar;C:\Users\hasee\.m2\repository\mysql\mysql-connector-java\5.1.32\mysql-connector-java-5.1.32.jar;C:\Users\hasee\.m2\repository\com\alibaba\druid\1.0.9\druid-1.0.9.jar;C:\Users\hasee\.m2\repository\com\DeltaFish\common\DeltaFish-common\1.0-SNAPSHOT\DeltaFish-common-1.0-SNAPSHOT.jar;C:\Users\hasee\.m2\repository\joda-time\joda-time\2.5\joda-time-2.5.jar;C:\Users\hasee\.m2\repository\org\apache\commons\commons-lang3\3.3.2\commons-lang3-3.3.2.jar;C:\Users\hasee\.m2\repository\commons-io\commons-io\1.3.2\commons-io-1.3.2.jar;C:\Users\hasee\.m2\repository\commons-net\commons-net\3.3\commons-net-3.3.jar;C:\Users\hasee\.m2\repository\com\fasterxml\jackson\core\jackson-databind\2.4.2\jackson-databind-2.4.2.jar;C:\Users\hasee\.m2\repository\com\fasterxml\jackson\core\jackson-annotations\2.4.0\jackson-annotations-2.4.0.jar;C:\Users\hasee\.m2\repository\com\fasterxml\jackson\core\jackson-core\2.4.2\jackson-core-2.4.2.jar;C:\Users\hasee\.m2\repository\org\apache\httpcomponents\httpclient\4.3.5\httpclient-4.3.5.jar;C:\Users\hasee\.m2\repository\org\apache\httpcomponents\httpcore\4.3.2\httpcore-4.3.2.jar;C:\Users\hasee\.m2\repository\commons-logging\commons-logging\1.1.3\commons-logging-1.1.3.jar;C:\Users\hasee\.m2\repository\commons-codec\commons-codec\1.6\commons-codec-1.6.jar;C:\Users\hasee\.m2\repository\org\slf4j\slf4j-log4j12\1.6.4\slf4j-log4j12-1.6.4.jar;C:\Users\hasee\.m2\repository\log4j\log4j\1.2.16\log4j-1.2.16.jar;"/>
    <property name="sun.cpu.endian" value="little"/>
    <property name="user.home" value="C:\Users\hasee"/>
    <property name="user.language" value="zh"/>
    <property name="java.specification.vendor" value="Oracle Corporation"/>
    <property name="java.home" value="D:\Web\JDK"/>
    <property name="file.separator" value="\"/>
    <property name="basedir" value="E:\tryandtry\Taotao\DeltaFishmanage\DeltaFishmanagemapper"/>
    <property name="java.vm.compressedOopsMode" value="32-bit"/>
    <property name="line.separator" value="&#10;"/>
    <property name="java.vm.specification.vendor" value="Oracle Corporation"/>
    <property name="java.specification.name" value="Java Platform API Specification"/>
    <property name="java.awt.graphicsenv" value="sun.awt.Win32GraphicsEnvironment"/>
    <property name="surefire.real.class.path" value="C:\Users\hasee\AppData\Local\Temp\surefire1877310525137942513\surefirebooter7119462472638117400.jar"/>
    <property name="user.script" value=""/>
    <property name="sun.management.compiler" value="HotSpot 64-Bit Tiered Compilers"/>
    <property name="java.runtime.version" value="9.0.4+11"/>
    <property name="user.name" value="hasee"/>
    <property name="path.separator" value=";"/>
    <property name="os.version" value="6.1"/>
    <property name="java.runtime.name" value="Java(TM) SE Runtime Environment"/>
    <property name="file.encoding" value="GBK"/>
    <property name="java.vm.name" value="Java HotSpot(TM) 64-Bit Server VM"/>
    <property name="localRepository" value="C:\Users\hasee\.m2\repository"/>
    <property name="java.vendor.url.bug" value="http://bugreport.java.com/bugreport/"/>
    <property name="java.io.tmpdir" value="C:\Users\hasee\AppData\Local\Temp\"/>
    <property name="idea.version" value="2017.3.5"/>
    <property name="java.version" value="9.0.4"/>
    <property name="user.dir" value="E:\tryandtry\Taotao\DeltaFishmanage\DeltaFishmanagemapper"/>
    <property name="os.arch" value="amd64"/>
    <property name="java.vm.specification.name" value="Java Virtual Machine Specification"/>
    <property name="java.awt.printerjob" value="sun.awt.windows.WPrinterJob"/>
    <property name="sun.os.patch.level" value="Service Pack 1"/>
    <property name="java.library.path" value="D:\Web\JDK\bin;C:\Windows\Sun\Java\bin;C:\Windows\system32;C:\Windows;D:\Web\apache-maven-3.5.3\bin;C:\Windows\system32;C:\Windows;C:\Windows\system32\wbem;C:\texlive\2017\bin\win32;D:\Web\mysql-5.7.21-winx64\mysql-5.7.21-winx64\bin;C:\Users\hasee\AppData\Local\GitHubDesktop\bin;."/>
    <property name="java.vm.info" value="mixed mode"/>
    <property name="java.vendor" value="Oracle Corporation"/>
    <property name="java.vm.version" value="9.0.4+11"/>
    <property name="sun.io.unicode.encoding" value="UnicodeLittle"/>
    <property name="java.class.version" value="53.0"/>
  </properties>
  <testcase name="testSelectAll" classname="com.DeltaFish.manage.TestTUserMapper" time="0.018">
    <error type="java.lang.NullPointerException">java.lang.NullPointerException
	at com.DeltaFish.manage.TestTUserMapper.testSelectAll(TestTUserMapper.java:13)
</error>
    <system-err><![CDATA[java.io.IOException: Could not find resource SqlMapConfig.xml
	at org.apache.ibatis.io.Resources.getResourceAsStream(Resources.java:110)
	at org.apache.ibatis.io.Resources.getResourceAsStream(Resources.java:97)
	at org.apache.ibatis.io.Resources.getResourceAsReader(Resources.java:155)
	at com.DeltaFish.manage.BeforeTUserMapper.init(BeforeTUserMapper.java:18)
	at java.base/jdk.internal.reflect.NativeMethodAccessorImpl.invoke0(Native Method)
	at java.base/jdk.internal.reflect.NativeMethodAccessorImpl.invoke(NativeMethodAccessorImpl.java:62)
	at java.base/jdk.internal.reflect.DelegatingMethodAccessorImpl.invoke(DelegatingMethodAccessorImpl.java:43)
	at java.base/java.lang.reflect.Method.invoke(Method.java:564)
	at org.junit.runners.model.FrameworkMethod$1.runReflectiveCall(FrameworkMethod.java:50)
	at org.junit.internal.runners.model.ReflectiveCallable.run(ReflectiveCallable.java:12)
	at org.junit.runners.model.FrameworkMethod.invokeExplosively(FrameworkMethod.java:47)
	at org.junit.internal.runners.statements.RunBefores.evaluate(RunBefores.java:24)
	at org.junit.runners.ParentRunner.run(ParentRunner.java:363)
	at org.apache.maven.surefire.junit4.JUnit4Provider.execute(JUnit4Provider.java:369)
	at org.apache.maven.surefire.junit4.JUnit4Provider.executeWithRerun(JUnit4Provider.java:275)
	at org.apache.maven.surefire.junit4.JUnit4Provider.executeTestSet(JUnit4Provider.java:239)
	at org.apache.maven.surefire.junit4.JUnit4Provider.invoke(JUnit4Provider.java:160)
	at org.apache.maven.surefire.booter.ForkedBooter.invokeProviderInSameClassLoader(ForkedBooter.java:373)
	at org.apache.maven.surefire.booter.ForkedBooter.runSuitesInProcess(ForkedBooter.java:334)
	at org.apache.maven.surefire.booter.ForkedBooter.execute(ForkedBooter.java:119)
	at org.apache.maven.surefire.booter.ForkedBooter.main(ForkedBooter.java:407)
]]></system-err>
  </testcase>
</testsuite>